// Fichier de log pour les erreurs
// Format: [Date] [Type] [Message] [2025-03-04T08:48:55.595Z] [REQUEST] 2025-03-04T08:48:55.595Z - GET /api/employees
[2025-03-04T08:48:55.661Z] [RESPONSE] 2025-03-04T08:48:55.595Z - GET / - Status: 200
[2025-03-04T08:48:55.675Z] [REQUEST] 2025-03-04T08:48:55.675Z - GET /api/employees
[2025-03-04T08:48:55.691Z] [RESPONSE] 2025-03-04T08:48:55.675Z - GET / - Status: 200
[2025-03-04T08:49:04.578Z] [REQUEST] 2025-03-04T08:49:04.578Z - GET /api/employees
[2025-03-04T08:49:04.592Z] [RESPONSE] 2025-03-04T08:49:04.578Z - GET / - Status: 200
[2025-03-04T08:49:04.594Z] [REQUEST] 2025-03-04T08:49:04.594Z - GET /api/employees
[2025-03-04T08:49:04.598Z] [RESPONSE] 2025-03-04T08:49:04.594Z - GET / - Status: 200
[2025-03-04T08:49:59.964Z] [REQUEST] 2025-03-04T08:49:59.963Z - PUT /api/employees/5 - Body: {"first_name":"Chris","last_name":"Moss","email":"c.mos@yahoo.fr","role":"Vendeur","department":"EPCS","contract_hours":"10","birth_date":"1987-10-23T23:00:00.000Z","start_date":"2012-10-23T22:00:00.000Z","status":"active","hours_worked":0,"overtime_hours":0}
[2025-03-04T08:49:59.992Z] [ERROR] 2025-03-04T08:49:59.963Z - PUT /5 - Status: 500 - Response: {"message":"Erreur lors de la mise à jour de l'employé"}
[2025-03-04T08:50:00.080Z] [REQUEST] 2025-03-04T08:50:00.045Z - GET /api/employees
[2025-03-04T08:50:00.111Z] [RESPONSE] 2025-03-04T08:50:00.045Z - GET / - Status: 200
[2025-03-04T08:56:30.969Z] [REQUEST] 2025-03-04T08:56:30.969Z - PUT /api/employees/5 - Body: {"first_name":"Chris","last_name":"Moss","email":"c.mos@yahoo.fr","role":"Vendeur","department":"EPCS","contract_hours":"20","birth_date":"1987-10-23","start_date":"2012-10-23","status":"active","hours_worked":0,"overtime_hours":0}
[2025-03-04T08:56:31.091Z] [RESPONSE] 2025-03-04T08:56:30.969Z - PUT /5 - Status: 200
[2025-03-04T08:56:31.109Z] [REQUEST] 2025-03-04T08:56:31.109Z - GET /api/employees
[2025-03-04T08:56:31.121Z] [RESPONSE] 2025-03-04T08:56:31.109Z - GET / - Status: 200
[2025-03-04T08:56:58.561Z] [REQUEST] 2025-03-04T08:56:58.561Z - PUT /api/employees/5 - Body: {"first_name":"Chris","last_name":"Moss","email":"c.mos@yahoo.fr","role":"Vendeur","department":"EPCS","contract_hours":20,"birth_date":"1987-10-22","start_date":"2012-10-22","status":"active","hours_worked":0,"overtime_hours":0}
[2025-03-04T08:56:58.580Z] [RESPONSE] 2025-03-04T08:56:58.561Z - PUT /5 - Status: 200
[2025-03-04T08:56:58.686Z] [REQUEST] 2025-03-04T08:56:58.686Z - GET /api/employees
[2025-03-04T08:56:58.752Z] [RESPONSE] 2025-03-04T08:56:58.686Z - GET / - Status: 200
[2025-03-04T08:58:12.775Z] [REQUEST] 2025-03-04T08:58:12.774Z - GET /api/employees
[2025-03-04T08:58:12.820Z] [RESPONSE] 2025-03-04T08:58:12.774Z - GET / - Status: 200
[2025-03-04T08:58:12.832Z] [REQUEST] 2025-03-04T08:58:12.831Z - GET /api/employees
[2025-03-04T08:58:12.841Z] [RESPONSE] 2025-03-04T08:58:12.831Z - GET / - Status: 200
[2025-03-04T08:58:21.451Z] [REQUEST] 2025-03-04T08:58:21.450Z - GET /api/employees
[2025-03-04T08:58:21.463Z] [RESPONSE] 2025-03-04T08:58:21.450Z - GET / - Status: 200
[2025-03-04T08:58:21.512Z] [REQUEST] 2025-03-04T08:58:21.512Z - GET /api/employees
[2025-03-04T08:58:21.525Z] [RESPONSE] 2025-03-04T08:58:21.512Z - GET / - Status: 200
[2025-03-04T08:58:27.626Z] [REQUEST] 2025-03-04T08:58:27.626Z - GET /api/shifts
[2025-03-04T08:58:27.632Z] [REQUEST] 2025-03-04T08:58:27.631Z - GET /api/employees
[2025-03-04T08:58:27.634Z] [REQUEST] 2025-03-04T08:58:27.634Z - GET /api/shifts
[2025-03-04T08:58:27.638Z] [REQUEST] 2025-03-04T08:58:27.638Z - GET /api/shifts
[2025-03-04T08:58:27.642Z] [REQUEST] 2025-03-04T08:58:27.642Z - GET /api/shifts
[2025-03-04T08:58:27.646Z] [RESPONSE] 2025-03-04T08:58:27.631Z - GET / - Status: 200
[2025-03-04T08:58:27.647Z] [REQUEST] 2025-03-04T08:58:27.647Z - GET /api/employees
[2025-03-04T08:58:27.652Z] [RESPONSE] 2025-03-04T08:58:27.647Z - GET / - Status: 200
[2025-03-04T09:05:16.232Z] [REQUEST] 2025-03-04T09:05:16.228Z - GET /api/employees
[2025-03-04T09:05:16.330Z] [RESPONSE] 2025-03-04T09:05:16.228Z - GET / - Status: 200
[2025-03-04T09:05:16.332Z] [REQUEST] 2025-03-04T09:05:16.332Z - GET /api/employees
[2025-03-04T09:05:16.340Z] [RESPONSE] 2025-03-04T09:05:16.332Z - GET / - Status: 200
[2025-03-04T09:05:28.987Z] [REQUEST] 2025-03-04T09:05:28.985Z - GET /api/employees
[2025-03-04T09:05:29.025Z] [RESPONSE] 2025-03-04T09:05:28.985Z - GET / - Status: 200
[2025-03-04T09:05:29.050Z] [REQUEST] 2025-03-04T09:05:29.048Z - GET /api/employees
[2025-03-04T09:05:29.064Z] [RESPONSE] 2025-03-04T09:05:29.048Z - GET / - Status: 200
[2025-03-04T09:05:49.154Z] [REQUEST] 2025-03-04T09:05:49.153Z - GET /api/employees
[2025-03-04T09:05:49.224Z] [RESPONSE] 2025-03-04T09:05:49.153Z - GET / - Status: 200
[2025-03-04T09:05:49.231Z] [REQUEST] 2025-03-04T09:05:49.228Z - GET /api/employees
[2025-03-04T09:05:49.247Z] [RESPONSE] 2025-03-04T09:05:49.228Z - GET / - Status: 200
[2025-03-04T09:05:57.927Z] [REQUEST] 2025-03-04T09:05:57.927Z - GET /api/shifts
[2025-03-04T09:05:57.930Z] [REQUEST] 2025-03-04T09:05:57.930Z - GET /api/employees
[2025-03-04T09:05:57.935Z] [REQUEST] 2025-03-04T09:05:57.935Z - GET /api/shifts
[2025-03-04T09:05:57.941Z] [REQUEST] 2025-03-04T09:05:57.941Z - GET /api/shifts
[2025-03-04T09:05:57.942Z] [REQUEST] 2025-03-04T09:05:57.942Z - GET /api/shifts
[2025-03-04T09:05:57.946Z] [RESPONSE] 2025-03-04T09:05:57.930Z - GET / - Status: 200
[2025-03-04T09:05:57.947Z] [REQUEST] 2025-03-04T09:05:57.947Z - GET /api/employees
[2025-03-04T09:05:57.952Z] [RESPONSE] 2025-03-04T09:05:57.947Z - GET / - Status: 200
[2025-03-04T09:11:15.786Z] [REQUEST] 2025-03-04T09:11:15.784Z - POST /api/shifts - Body: {"employee":"Chris Moss","startTime":"","endTime":"","notes":""}
[2025-03-04T09:11:18.037Z] [REQUEST] 2025-03-04T09:11:18.037Z - GET /api/employees
[2025-03-04T09:11:18.126Z] [RESPONSE] 2025-03-04T09:11:18.037Z - GET / - Status: 200
[2025-03-04T09:11:18.129Z] [REQUEST] 2025-03-04T09:11:18.129Z - GET /api/employees
[2025-03-04T09:11:18.138Z] [RESPONSE] 2025-03-04T09:11:18.129Z - GET / - Status: 200
[2025-03-04T09:20:48.827Z] [REQUEST] 2025-03-04T09:20:48.826Z - GET /api/shifts
[2025-03-04T09:20:48.839Z] [REQUEST] 2025-03-04T09:20:48.838Z - GET /api/employees
[2025-03-04T09:20:48.857Z] [REQUEST] 2025-03-04T09:20:48.857Z - GET /api/shifts
[2025-03-04T09:20:48.861Z] [REQUEST] 2025-03-04T09:20:48.861Z - GET /api/shifts
[2025-03-04T09:20:48.869Z] [REQUEST] 2025-03-04T09:20:48.869Z - GET /api/shifts
[2025-03-04T09:20:48.875Z] [RESPONSE] 2025-03-04T09:20:48.838Z - GET / - Status: 200
[2025-03-04T09:20:48.883Z] [REQUEST] 2025-03-04T09:20:48.883Z - GET /api/employees
[2025-03-04T09:20:48.893Z] [RESPONSE] 2025-03-04T09:20:48.883Z - GET / - Status: 200
[2025-03-04T09:22:25.215Z] [REQUEST] 2025-03-04T09:22:25.215Z - GET /api/shifts
[2025-03-04T09:22:25.222Z] [REQUEST] 2025-03-04T09:22:25.221Z - GET /api/employees
[2025-03-04T09:22:25.226Z] [REQUEST] 2025-03-04T09:22:25.225Z - GET /api/shifts
[2025-03-04T09:22:25.232Z] [REQUEST] 2025-03-04T09:22:25.232Z - GET /api/shifts
[2025-03-04T09:22:25.238Z] [REQUEST] 2025-03-04T09:22:25.238Z - GET /api/shifts
[2025-03-04T09:22:25.242Z] [RESPONSE] 2025-03-04T09:22:25.221Z - GET / - Status: 200
[2025-03-04T09:22:25.246Z] [REQUEST] 2025-03-04T09:22:25.246Z - GET /api/employees
[2025-03-04T09:22:25.253Z] [RESPONSE] 2025-03-04T09:22:25.246Z - GET / - Status: 200
[2025-03-04T09:45:25.611Z] [REQUEST] 2025-03-04T09:45:25.610Z - GET /api/shifts
[2025-03-04T09:45:25.633Z] [REQUEST] 2025-03-04T09:45:25.633Z - GET /api/shifts
[2025-03-04T09:45:25.643Z] [REQUEST] 2025-03-04T09:45:25.643Z - GET /api/employees
[2025-03-04T09:45:25.654Z] [REQUEST] 2025-03-04T09:45:25.654Z - GET /api/shifts
[2025-03-04T09:45:25.656Z] [REQUEST] 2025-03-04T09:45:25.656Z - GET /api/shifts
[2025-03-04T09:45:25.705Z] [RESPONSE] 2025-03-04T09:45:25.643Z - GET / - Status: 200
[2025-03-04T09:45:25.707Z] [REQUEST] 2025-03-04T09:45:25.706Z - GET /api/employees
[2025-03-04T09:45:25.716Z] [RESPONSE] 2025-03-04T09:45:25.706Z - GET / - Status: 200
[2025-03-04T09:49:32.087Z] [REQUEST] 2025-03-04T09:49:32.086Z - GET /api/shifts
[2025-03-04T09:49:32.092Z] [REQUEST] 2025-03-04T09:49:32.092Z - GET /api/employees
[2025-03-04T09:49:32.142Z] [REQUEST] 2025-03-04T09:49:32.142Z - GET /api/shifts
[2025-03-04T09:49:32.150Z] [REQUEST] 2025-03-04T09:49:32.150Z - GET /api/shifts
[2025-03-04T09:49:32.153Z] [REQUEST] 2025-03-04T09:49:32.153Z - GET /api/shifts
[2025-03-04T09:49:32.193Z] [RESPONSE] 2025-03-04T09:49:32.092Z - GET / - Status: 200
[2025-03-04T09:49:32.195Z] [REQUEST] 2025-03-04T09:49:32.194Z - GET /api/employees
[2025-03-04T09:49:32.200Z] [RESPONSE] 2025-03-04T09:49:32.194Z - GET / - Status: 200
[2025-03-04T10:02:55.920Z] [REQUEST] 2025-03-04T10:02:55.920Z - GET /api/employees
[2025-03-04T10:02:56.015Z] [REQUEST] 2025-03-04T10:02:56.015Z - GET /api/weekly-schedules/week/2025-03-02
[2025-03-04T10:02:56.024Z] [RESPONSE] 2025-03-04T10:02:55.920Z - GET / - Status: 200
[2025-03-04T10:02:56.027Z] [REQUEST] 2025-03-04T10:02:56.027Z - GET /api/employees
[2025-03-04T10:02:56.029Z] [REQUEST] 2025-03-04T10:02:56.029Z - GET /api/weekly-schedules/week/2025-03-02
[2025-03-04T10:02:56.037Z] [RESPONSE] 2025-03-04T10:02:56.027Z - GET / - Status: 200
[2025-03-04T10:04:18.103Z] [REQUEST] 2025-03-04T10:04:18.102Z - GET /favicon.ico
[2025-03-04T10:08:09.727Z] [REQUEST] 2025-03-04T10:08:09.725Z - GET /favicon.ico
[2025-03-04T10:18:21.875Z] [REQUEST] 2025-03-04T10:18:21.874Z - GET /api/shifts
[2025-03-04T10:18:21.881Z] [REQUEST] 2025-03-04T10:18:21.881Z - GET /api/employees
[2025-03-04T10:18:21.889Z] [REQUEST] 2025-03-04T10:18:21.889Z - GET /api/shifts
[2025-03-04T10:18:21.892Z] [REQUEST] 2025-03-04T10:18:21.892Z - GET /api/shifts
[2025-03-04T10:18:21.894Z] [REQUEST] 2025-03-04T10:18:21.894Z - GET /api/shifts
[2025-03-04T10:18:21.934Z] [RESPONSE] 2025-03-04T10:18:21.881Z - GET / - Status: 200
[2025-03-04T10:18:21.940Z] [REQUEST] 2025-03-04T10:18:21.940Z - GET /api/employees
[2025-03-04T10:18:21.946Z] [RESPONSE] 2025-03-04T10:18:21.940Z - GET / - Status: 200
[2025-03-04T10:18:23.316Z] [REQUEST] 2025-03-04T10:18:23.316Z - GET /api/employees
[2025-03-04T10:18:23.337Z] [RESPONSE] 2025-03-04T10:18:23.316Z - GET / - Status: 200
[2025-03-04T10:18:23.340Z] [REQUEST] 2025-03-04T10:18:23.340Z - GET /api/employees
[2025-03-04T10:18:23.346Z] [REQUEST] 2025-03-04T10:18:23.346Z - GET /api/weekly-schedules?week_start=2025-03-02
[2025-03-04T10:18:23.354Z] [ERROR] 2025-03-04T10:18:23.346Z - GET /?week_start=2025-03-02 - Status: 500 - Response: {"message":"Erreur lors de la récupération des plannings"}
[2025-03-04T10:18:23.359Z] [RESPONSE] 2025-03-04T10:18:23.340Z - GET / - Status: 200
[2025-03-04T10:18:23.370Z] [REQUEST] 2025-03-04T10:18:23.370Z - GET /api/weekly-schedules?week_start=2025-03-02
[2025-03-04T10:18:23.371Z] [ERROR] 2025-03-04T10:18:23.370Z - GET /?week_start=2025-03-02 - Status: 500 - Response: {"message":"Erreur lors de la récupération des plannings"}
[2025-03-04T10:20:08.670Z] [REQUEST] 2025-03-04T10:20:08.669Z - GET /api/employees
[2025-03-04T10:20:08.671Z] [ERROR] 2025-03-04T10:20:08.669Z - GET / - Status: 401 - Response: {"message":"Accès non autorisé. Token manquant."}
[2025-03-04T10:20:08.682Z] [REQUEST] 2025-03-04T10:20:08.682Z - GET /api/weekly-schedules?week_start=2025-03-02
[2025-03-04T10:20:08.691Z] [ERROR] 2025-03-04T10:20:08.682Z - GET /?week_start=2025-03-02 - Status: 500 - Response: {"message":"Erreur lors de la récupération des plannings"}
[2025-03-04T10:20:43.079Z] [REQUEST] 2025-03-04T10:20:43.078Z - GET /api/employees
[2025-03-04T10:20:43.080Z] [ERROR] 2025-03-04T10:20:43.078Z - GET / - Status: 401 - Response: {"message":"Accès non autorisé. Token manquant."}
[2025-03-04T10:20:43.082Z] [REQUEST] 2025-03-04T10:20:43.082Z - GET /api/weekly-schedules?week_start=2025-03-02
[2025-03-04T10:20:43.088Z] [ERROR] 2025-03-04T10:20:43.082Z - GET /?week_start=2025-03-02 - Status: 500 - Response: {"message":"Erreur lors de la récupération des plannings"}
[2025-03-04T10:20:43.109Z] [REQUEST] 2025-03-04T10:20:43.109Z - GET /api/employees
[2025-03-04T10:20:43.110Z] [ERROR] 2025-03-04T10:20:43.109Z - GET / - Status: 401 - Response: {"message":"Accès non autorisé. Token manquant."}
[2025-03-04T10:20:43.122Z] [REQUEST] 2025-03-04T10:20:43.122Z - GET /api/weekly-schedules?week_start=2025-03-02
[2025-03-04T10:20:43.125Z] [ERROR] 2025-03-04T10:20:43.122Z - GET /?week_start=2025-03-02 - Status: 500 - Response: {"message":"Erreur lors de la récupération des plannings"}
[2025-03-04T10:21:10.094Z] [REQUEST] 2025-03-04T10:21:10.094Z - GET /api/employees
[2025-03-04T10:21:10.095Z] [ERROR] 2025-03-04T10:21:10.094Z - GET / - Status: 401 - Response: {"message":"Accès non autorisé. Token manquant."}
[2025-03-04T10:21:10.097Z] [REQUEST] 2025-03-04T10:21:10.097Z - GET /api/weekly-schedules?week_start=2025-03-02
[2025-03-04T10:21:10.102Z] [ERROR] 2025-03-04T10:21:10.097Z - GET /?week_start=2025-03-02 - Status: 500 - Response: {"message":"Erreur lors de la récupération des plannings"}
[2025-03-04T10:21:10.109Z] [REQUEST] 2025-03-04T10:21:10.108Z - GET /api/employees
[2025-03-04T10:21:10.109Z] [ERROR] 2025-03-04T10:21:10.108Z - GET / - Status: 401 - Response: {"message":"Accès non autorisé. Token manquant."}
[2025-03-04T10:21:10.128Z] [REQUEST] 2025-03-04T10:21:10.128Z - GET /api/weekly-schedules?week_start=2025-03-02
[2025-03-04T10:21:10.129Z] [ERROR] 2025-03-04T10:21:10.128Z - GET /?week_start=2025-03-02 - Status: 500 - Response: {"message":"Erreur lors de la récupération des plannings"}
[2025-03-04T10:21:21.102Z] [REQUEST] 2025-03-04T10:21:21.098Z - GET /api/employees
[2025-03-04T10:21:21.102Z] [ERROR] 2025-03-04T10:21:21.098Z - GET / - Status: 401 - Response: {"message":"Accès non autorisé. Token manquant."}
[2025-03-04T10:21:21.113Z] [REQUEST] 2025-03-04T10:21:21.111Z - GET /api/weekly-schedules?week_start=2025-03-02
[2025-03-04T10:21:21.116Z] [ERROR] 2025-03-04T10:21:21.111Z - GET /?week_start=2025-03-02 - Status: 500 - Response: {"message":"Erreur lors de la récupération des plannings"}
[2025-03-04T10:21:21.118Z] [ERROR] 2025-03-04T10:21:21.117Z - GET / - Status: 401 - Response: {"message":"Accès non autorisé. Token manquant."}
[2025-03-04T10:21:21.118Z] [REQUEST] 2025-03-04T10:21:21.117Z - GET /api/employees
[2025-03-04T10:21:21.140Z] [REQUEST] 2025-03-04T10:21:21.140Z - GET /api/weekly-schedules?week_start=2025-03-02
[2025-03-04T10:21:21.141Z] [ERROR] 2025-03-04T10:21:21.140Z - GET /?week_start=2025-03-02 - Status: 500 - Response: {"message":"Erreur lors de la récupération des plannings"}
[2025-03-04T10:21:54.582Z] [REQUEST] 2025-03-04T10:21:54.582Z - GET /api/employees
[2025-03-04T10:21:54.584Z] [ERROR] 2025-03-04T10:21:54.582Z - GET / - Status: 401 - Response: {"message":"Accès non autorisé. Token manquant."}
[2025-03-04T10:21:54.586Z] [REQUEST] 2025-03-04T10:21:54.586Z - GET /api/weekly-schedules?week_start=2025-03-02
[2025-03-04T10:21:54.595Z] [ERROR] 2025-03-04T10:21:54.586Z - GET /?week_start=2025-03-02 - Status: 500 - Response: {"message":"Erreur lors de la récupération des plannings"}
[2025-03-04T10:21:54.596Z] [REQUEST] 2025-03-04T10:21:54.596Z - GET /api/employees
[2025-03-04T10:21:54.597Z] [ERROR] 2025-03-04T10:21:54.596Z - GET / - Status: 401 - Response: {"message":"Accès non autorisé. Token manquant."}
[2025-03-04T10:21:54.611Z] [REQUEST] 2025-03-04T10:21:54.611Z - GET /api/weekly-schedules?week_start=2025-03-02
[2025-03-04T10:21:54.612Z] [ERROR] 2025-03-04T10:21:54.611Z - GET /?week_start=2025-03-02 - Status: 500 - Response: {"message":"Erreur lors de la récupération des plannings"}
[2025-03-04T10:22:31.172Z] [REQUEST] 2025-03-04T10:22:31.172Z - GET /api/shifts
[2025-03-04T10:22:31.178Z] [REQUEST] 2025-03-04T10:22:31.178Z - GET /api/shifts
[2025-03-04T10:22:31.192Z] [REQUEST] 2025-03-04T10:22:31.192Z - GET /api/employees
[2025-03-04T10:22:31.192Z] [ERROR] 2025-03-04T10:22:31.192Z - GET / - Status: 401 - Response: {"message":"Accès non autorisé. Token manquant."}
[2025-03-04T10:22:31.251Z] [REQUEST] 2025-03-04T10:22:31.251Z - GET /api/employees
[2025-03-04T10:22:31.251Z] [ERROR] 2025-03-04T10:22:31.251Z - GET / - Status: 401 - Response: {"message":"Accès non autorisé. Token manquant."}
[2025-03-04T10:22:31.264Z] [REQUEST] 2025-03-04T10:22:31.264Z - GET /api/employees
[2025-03-04T10:22:31.264Z] [ERROR] 2025-03-04T10:22:31.264Z - GET / - Status: 401 - Response: {"message":"Accès non autorisé. Token manquant."}
[2025-03-04T10:22:43.715Z] [REQUEST] 2025-03-04T10:22:43.714Z - GET /api/employees
[2025-03-04T10:22:43.716Z] [ERROR] 2025-03-04T10:22:43.714Z - GET / - Status: 401 - Response: {"message":"Accès non autorisé. Token manquant."}
[2025-03-04T10:22:43.734Z] [REQUEST] 2025-03-04T10:22:43.733Z - GET /api/employees
[2025-03-04T10:22:43.734Z] [ERROR] 2025-03-04T10:22:43.733Z - GET / - Status: 401 - Response: {"message":"Accès non autorisé. Token manquant."}
[2025-03-04T10:23:06.759Z] [REQUEST] 2025-03-04T10:23:06.759Z - POST /api/auth/login - Body: {"email":"c.mostefaoui@yahoo.fr","password":"Mostefaoui1"}
[2025-03-04T10:23:06.900Z] [RESPONSE] 2025-03-04T10:23:06.759Z - POST /login - Status: 200
[2025-03-04T10:23:06.987Z] [REQUEST] 2025-03-04T10:23:06.987Z - GET /api/employees
[2025-03-04T10:23:06.987Z] [ERROR] 2025-03-04T10:23:06.987Z - GET / - Status: 401 - Response: {"message":"Accès non autorisé. Token manquant."}
[2025-03-04T10:23:06.992Z] [REQUEST] 2025-03-04T10:23:06.992Z - GET /api/employees
[2025-03-04T10:23:06.992Z] [ERROR] 2025-03-04T10:23:06.992Z - GET / - Status: 401 - Response: {"message":"Accès non autorisé. Token manquant."}
[2025-03-04T10:25:08.262Z] [REQUEST] 2025-03-04T10:25:08.261Z - GET /api/employees
[2025-03-04T10:25:08.263Z] [ERROR] 2025-03-04T10:25:08.261Z - GET / - Status: 401 - Response: {"message":"Accès non autorisé. Token manquant."}
[2025-03-04T10:25:08.280Z] [REQUEST] 2025-03-04T10:25:08.280Z - GET /api/employees
[2025-03-04T10:25:08.280Z] [ERROR] 2025-03-04T10:25:08.280Z - GET / - Status: 401 - Response: {"message":"Accès non autorisé. Token manquant."}
[2025-03-04T10:25:39.975Z] [REQUEST] 2025-03-04T10:25:39.973Z - GET /api/employees
[2025-03-04T10:25:39.977Z] [ERROR] 2025-03-04T10:25:39.973Z - GET / - Status: 401 - Response: {"message":"Accès non autorisé. Token manquant."}
[2025-03-04T10:25:40.045Z] [REQUEST] 2025-03-04T10:25:40.045Z - GET /api/employees
[2025-03-04T10:25:40.058Z] [ERROR] 2025-03-04T10:25:40.045Z - GET / - Status: 401 - Response: {"message":"Accès non autorisé. Token manquant."}
[2025-03-04T10:26:06.445Z] [REQUEST] 2025-03-04T10:26:06.444Z - GET /api/employees
[2025-03-04T10:26:06.446Z] [ERROR] 2025-03-04T10:26:06.444Z - GET / - Status: 401 - Response: {"message":"Accès non autorisé. Token manquant."}
[2025-03-04T10:26:06.470Z] [REQUEST] 2025-03-04T10:26:06.470Z - GET /api/employees
[2025-03-04T10:26:06.470Z] [ERROR] 2025-03-04T10:26:06.470Z - GET / - Status: 401 - Response: {"message":"Accès non autorisé. Token manquant."}
[2025-03-04T10:26:41.892Z] [REQUEST] 2025-03-04T10:26:41.875Z - GET /api/employees
[2025-03-04T10:26:41.924Z] [ERROR] 2025-03-04T10:26:41.875Z - GET / - Status: 401 - Response: {"message":"Accès non autorisé. Token manquant."}
[2025-03-04T10:26:41.972Z] [REQUEST] 2025-03-04T10:26:41.972Z - GET /api/employees
[2025-03-04T10:26:41.972Z] [ERROR] 2025-03-04T10:26:41.972Z - GET / - Status: 401 - Response: {"message":"Accès non autorisé. Token manquant."}
[2025-03-04T10:27:01.321Z] [REQUEST] 2025-03-04T10:27:01.321Z - GET /api/employees
[2025-03-04T10:27:01.322Z] [ERROR] 2025-03-04T10:27:01.321Z - GET / - Status: 401 - Response: {"message":"Accès non autorisé. Token manquant."}
[2025-03-04T10:27:01.409Z] [REQUEST] 2025-03-04T10:27:01.407Z - GET /api/employees
[2025-03-04T10:27:01.425Z] [ERROR] 2025-03-04T10:27:01.407Z - GET / - Status: 401 - Response: {"message":"Accès non autorisé. Token manquant."}
[2025-03-04T10:44:00.767Z] [REQUEST] 2025-03-04T10:44:00.767Z - GET /api/employees
[2025-03-04T10:44:00.780Z] [ERROR] 2025-03-04T10:44:00.767Z - GET / - Status: 500 - Response: {"message":"Erreur du serveur lors de l'authentification."}
[2025-03-04T10:44:00.792Z] [REQUEST] 2025-03-04T10:44:00.790Z - GET /api/employees
[2025-03-04T10:44:00.800Z] [ERROR] 2025-03-04T10:44:00.790Z - GET / - Status: 500 - Response: {"message":"Erreur du serveur lors de l'authentification."}
[2025-03-04T10:44:53.024Z] [REQUEST] 2025-03-04T10:44:53.023Z - GET /api/employees
[2025-03-04T10:44:53.039Z] [ERROR] 2025-03-04T10:44:53.023Z - GET / - Status: 500 - Response: {"message":"Erreur du serveur lors de l'authentification."}
[2025-03-04T10:44:53.055Z] [REQUEST] 2025-03-04T10:44:53.055Z - GET /api/employees
[2025-03-04T10:44:53.069Z] [ERROR] 2025-03-04T10:44:53.055Z - GET / - Status: 500 - Response: {"message":"Erreur du serveur lors de l'authentification."}
[2025-03-04T10:48:42.952Z] [REQUEST] 2025-03-04T10:48:42.951Z - GET /api/employees
[2025-03-04T10:48:43.058Z] [ERROR] 2025-03-04T10:48:42.951Z - GET / - Status: 500 - Response: {"message":"Erreur du serveur lors de l'authentification."}
[2025-03-04T10:48:43.138Z] [REQUEST] 2025-03-04T10:48:43.137Z - GET /api/employees
[2025-03-04T10:48:43.148Z] [ERROR] 2025-03-04T10:48:43.137Z - GET / - Status: 500 - Response: {"message":"Erreur du serveur lors de l'authentification."}
[2025-03-04T10:50:14.421Z] [REQUEST] 2025-03-04T10:50:14.421Z - GET /api/employees
[2025-03-04T10:50:14.471Z] [ERROR] 2025-03-04T10:50:14.421Z - GET / - Status: 500 - Response: {"message":"Erreur lors de la récupération des employés"}
[2025-03-04T10:50:14.475Z] [REQUEST] 2025-03-04T10:50:14.475Z - GET /api/employees
[2025-03-04T10:50:14.483Z] [ERROR] 2025-03-04T10:50:14.475Z - GET / - Status: 500 - Response: {"message":"Erreur lors de la récupération des employés"}
[2025-03-04T10:53:24.837Z] [REQUEST] 2025-03-04T10:53:24.836Z - GET /api/employees
[2025-03-04T10:53:24.851Z] [ERROR] 2025-03-04T10:53:24.836Z - GET / - Status: 500 - Response: {"message":"Erreur lors de la récupération des employés"}
[2025-03-04T10:53:24.854Z] [REQUEST] 2025-03-04T10:53:24.854Z - GET /api/employees
[2025-03-04T10:53:24.861Z] [ERROR] 2025-03-04T10:53:24.854Z - GET / - Status: 500 - Response: {"message":"Erreur lors de la récupération des employés"}
[2025-03-04T10:54:55.120Z] [REQUEST] 2025-03-04T10:54:55.120Z - GET /api/employees
[2025-03-04T10:54:55.135Z] [ERROR] 2025-03-04T10:54:55.120Z - GET / - Status: 500 - Response: {"message":"Erreur lors de la récupération des employés"}
[2025-03-04T10:54:55.137Z] [REQUEST] 2025-03-04T10:54:55.137Z - GET /api/employees
[2025-03-04T10:54:55.139Z] [ERROR] 2025-03-04T10:54:55.137Z - GET / - Status: 500 - Response: {"message":"Erreur lors de la récupération des employés"}
[2025-03-04T11:03:14.447Z] [REQUEST] 2025-03-04T11:03:14.447Z - GET /api/employees
[2025-03-04T11:03:14.492Z] [RESPONSE] 2025-03-04T11:03:14.447Z - GET / - Status: 200
[2025-03-04T11:03:14.495Z] [REQUEST] 2025-03-04T11:03:14.495Z - GET /api/employees
[2025-03-04T11:03:14.505Z] [RESPONSE] 2025-03-04T11:03:14.495Z - GET / - Status: 200
[2025-03-04T11:03:56.341Z] [REQUEST] 2025-03-04T11:03:56.340Z - GET /api/employees
[2025-03-04T11:03:56.352Z] [RESPONSE] 2025-03-04T11:03:56.340Z - GET / - Status: 200
[2025-03-04T11:03:56.355Z] [REQUEST] 2025-03-04T11:03:56.354Z - GET /api/employees
[2025-03-04T11:03:56.364Z] [RESPONSE] 2025-03-04T11:03:56.354Z - GET / - Status: 200
[2025-03-04T11:04:28.040Z] [REQUEST] 2025-03-04T11:04:28.039Z - GET /api/employees
[2025-03-04T11:04:28.060Z] [RESPONSE] 2025-03-04T11:04:28.039Z - GET / - Status: 200
[2025-03-04T11:04:28.061Z] [REQUEST] 2025-03-04T11:04:28.061Z - GET /api/employees
[2025-03-04T11:04:28.080Z] [RESPONSE] 2025-03-04T11:04:28.061Z - GET / - Status: 200
[2025-03-04T11:04:45.944Z] [REQUEST] 2025-03-04T11:04:45.944Z - GET /api/employees
[2025-03-04T11:04:45.967Z] [RESPONSE] 2025-03-04T11:04:45.944Z - GET / - Status: 200
[2025-03-04T11:04:45.972Z] [REQUEST] 2025-03-04T11:04:45.971Z - GET /api/employees
[2025-03-04T11:04:45.976Z] [RESPONSE] 2025-03-04T11:04:45.971Z - GET / - Status: 200
[2025-03-04T11:04:57.259Z] [REQUEST] 2025-03-04T11:04:57.259Z - PUT /api/employees/5 - Body: {"first_name":"Chris","last_name":"Moss","email":"c.mos@yahoo.fr","role":"Vendeur","department":"EPCS","contract_hours":20,"birth_date":"1987-10-21","start_date":"2012-10-21","status":"active"}
[2025-03-04T11:04:57.297Z] [RESPONSE] 2025-03-04T11:04:57.259Z - PUT /5 - Status: 200
[2025-03-04T11:05:00.610Z] [REQUEST] 2025-03-04T11:05:00.603Z - GET /api/employees
[2025-03-04T11:05:00.617Z] [RESPONSE] 2025-03-04T11:05:00.603Z - GET / - Status: 200
[2025-03-04T11:05:00.660Z] [REQUEST] 2025-03-04T11:05:00.657Z - GET /api/employees
[2025-03-04T11:05:00.676Z] [RESPONSE] 2025-03-04T11:05:00.657Z - GET / - Status: 200
[2025-03-04T11:05:06.215Z] [REQUEST] 2025-03-04T11:05:06.205Z - GET /api/employees
[2025-03-04T11:05:06.280Z] [RESPONSE] 2025-03-04T11:05:06.205Z - GET / - Status: 200
[2025-03-04T11:05:06.303Z] [REQUEST] 2025-03-04T11:05:06.303Z - GET /api/employees
[2025-03-04T11:05:06.317Z] [RESPONSE] 2025-03-04T11:05:06.303Z - GET / - Status: 200
[2025-03-04T11:05:07.077Z] [REQUEST] 2025-03-04T11:05:07.077Z - GET /api/employees
[2025-03-04T11:05:07.079Z] [RESPONSE] 2025-03-04T11:05:07.077Z - GET / - Status: 200
[2025-03-04T11:05:07.081Z] [REQUEST] 2025-03-04T11:05:07.080Z - GET /api/employees
[2025-03-04T11:05:07.088Z] [RESPONSE] 2025-03-04T11:05:07.080Z - GET / - Status: 200
[2025-03-04T11:05:08.776Z] [REQUEST] 2025-03-04T11:05:08.776Z - GET /api/employees
[2025-03-04T11:05:08.801Z] [RESPONSE] 2025-03-04T11:05:08.776Z - GET / - Status: 200
[2025-03-04T11:05:08.806Z] [REQUEST] 2025-03-04T11:05:08.805Z - GET /api/employees
[2025-03-04T11:05:08.814Z] [REQUEST] 2025-03-04T11:05:08.814Z - GET /api/weekly-schedules?week_start=2025-03-02
[2025-03-04T11:05:08.819Z] [RESPONSE] 2025-03-04T11:05:08.805Z - GET / - Status: 200
[2025-03-04T11:05:08.845Z] [RESPONSE] 2025-03-04T11:05:08.814Z - GET /?week_start=2025-03-02 - Status: 200
[2025-03-04T11:05:08.847Z] [REQUEST] 2025-03-04T11:05:08.847Z - GET /api/weekly-schedules?week_start=2025-03-02
[2025-03-04T11:05:08.850Z] [RESPONSE] 2025-03-04T11:05:08.847Z - GET /?week_start=2025-03-02 - Status: 200
[2025-03-04T11:05:08.852Z] [REQUEST] 2025-03-04T11:05:08.851Z - GET /api/weekly-schedules?week_start=2025-03-02
[2025-03-04T11:05:08.853Z] [RESPONSE] 2025-03-04T11:05:08.851Z - GET /?week_start=2025-03-02 - Status: 200
